<?xml version="1.0" encoding="UTF-8"?>
<!-- Generated by org.testng.reporters.JUnitReportReporter -->
<testsuite hostname="cliffton" name="tests.LoginSmokeTest" tests="4" failures="0" timestamp="12 Aug 2017 18:18:21 GMT" time="33.508" errors="0">
  <testcase name="positiveTestAdminLogin" time="8.490" classname="tests.LoginSmokeTest"/>
  <testcase name="positiveTestClerkLogin" time="8.866" classname="tests.LoginSmokeTest"/>
  <testcase name="negativeTestClerkLogin" time="8.099" classname="tests.LoginSmokeTest"/>
  <testcase name="negativeTestAdminLogin" time="8.053" classname="tests.LoginSmokeTest"/>
</testsuite> <!-- tests.LoginSmokeTest -->
