<?xml version="1.0" encoding="UTF-8"?>
<!-- Generated by org.testng.reporters.JUnitReportReporter -->
<testsuite hostname="cliffton" name="tests.LoginSmokeTest" tests="4" failures="0" timestamp="5 Aug 2017 17:58:13 GMT" time="23.729" errors="0">
  <testcase name="negativeTestClerkLogin" time="5.725" classname="tests.LoginSmokeTest"/>
  <testcase name="negativeTestAdminLogin" time="5.851" classname="tests.LoginSmokeTest"/>
  <testcase name="positiveTestClerkLogin" time="6.399" classname="tests.LoginSmokeTest"/>
  <testcase name="positiveTestAdminLogin" time="5.754" classname="tests.LoginSmokeTest"/>
</testsuite> <!-- tests.LoginSmokeTest -->
