<?xml version="1.0" encoding="UTF-8"?>
<!-- Generated by org.testng.reporters.JUnitReportReporter -->
<testsuite hostname="cliffton" name="tests.LoginSmokeTest" tests="4" failures="0" timestamp="3 Aug 2017 13:19:45 GMT" time="40.521" errors="0">
  <testcase name="positiveTestAdminLogin" time="12.744" classname="tests.LoginSmokeTest"/>
  <testcase name="negativeTestAdminLogin" time="7.920" classname="tests.LoginSmokeTest"/>
  <testcase name="negativeTestClerkLogin" time="7.673" classname="tests.LoginSmokeTest"/>
  <testcase name="positiveTestClerkLogin" time="12.184" classname="tests.LoginSmokeTest"/>
</testsuite> <!-- tests.LoginSmokeTest -->
