<?xml version="1.0" encoding="UTF-8"?>
<!-- Generated by org.testng.reporters.JUnitReportReporter -->
<testsuite hostname="cliffton" name="tests.LoginSmokeTest" tests="4" failures="0" timestamp="4 Aug 2017 09:48:09 GMT" time="51.023" errors="0">
  <testcase name="positiveTestAdminLogin" time="11.780" classname="tests.LoginSmokeTest"/>
  <testcase name="positiveTestClerkLogin" time="18.349" classname="tests.LoginSmokeTest"/>
  <testcase name="negativeTestAdminLogin" time="8.820" classname="tests.LoginSmokeTest"/>
  <testcase name="negativeTestClerkLogin" time="12.074" classname="tests.LoginSmokeTest"/>
</testsuite> <!-- tests.LoginSmokeTest -->
