<?xml version="1.0" encoding="UTF-8"?>
<!-- Generated by org.testng.reporters.JUnitReportReporter -->
<testsuite hostname="cliffton" name="tests.CreateClerkTest" tests="2" failures="0" timestamp="12 Aug 2017 18:39:53 GMT" time="22.688" errors="0">
  <testcase name="createClerkTest" time="11.582" classname="tests.CreateClerkTest"/>
  <testcase name="createClerkNegativeTest" time="11.106" classname="tests.CreateClerkTest"/>
</testsuite> <!-- tests.CreateClerkTest -->
