<?xml version="1.0" encoding="UTF-8"?>
<!-- Generated by org.testng.reporters.JUnitReportReporter -->
<testsuite hostname="cliffton" name="tests.CreateClerkTest" tests="2" failures="0" timestamp="16 Aug 2017 13:13:03 GMT" time="32.652" errors="0">
  <testcase name="createClerkTest" time="15.236" classname="tests.CreateClerkTest"/>
  <testcase name="createClerkNegativeTest" time="17.416" classname="tests.CreateClerkTest"/>
</testsuite> <!-- tests.CreateClerkTest -->
